
> mee6-destroyer@1.0.0 start
> node index.js

andyjjrt is ready!
[Message] Sent message at 2/25/2023, 8:53:46 PM

> mee6-destroyer@1.0.0 start
> node index.js

andyjjrt is ready!
[Message] Sent message at 2/25/2023, 8:54:46 PM
[Reaction] Reacted message 現在是2/25/2023, 9:09:37 PM at 2/25/2023, 8:55:08 PM
[Reaction] Reacted message 花瓶代表，好看就好 at 2/25/2023, 8:55:13 PM
[Reaction] Reacted message AAAAAA拉進垃圾車 at 2/25/2023, 8:55:21 PM

> mee6-destroyer@1.0.0 start
> node index.js

[Message] Sent message at 2/25/2023, 8:55:48 PM
andyjjrt is ready!
[Message] Sent message at 2/25/2023, 8:55:49 PM
[Reaction] Reacted message 現在是2/25/2023, 9:10:37 PM at 2/25/2023, 8:56:14 PM
[Reaction] Reacted message 現在是2/25/2023, 9:10:37 PM at 2/25/2023, 8:56:14 PM
[Reaction] Reacted message 花瓶代表，好看就好 at 2/25/2023, 8:56:19 PM
[Reaction] Reacted message 花瓶代表，好看就好 at 2/25/2023, 8:56:19 PM
[Reaction] Reacted message AAAAAA拉進垃圾車 at 2/25/2023, 8:56:27 PM
[Reaction] Reacted message AAAAAA拉進垃圾車 at 2/25/2023, 8:56:27 PM
[Message] Sent message at 2/25/2023, 8:56:49 PM
[Message] Sent message at 2/25/2023, 8:56:51 PM
[Reaction] Reacted message 現在是2/25/2023, 9:11:38 PM at 2/25/2023, 8:57:19 PM
[Reaction] Reacted message 花瓶代表，好看就好 at 2/25/2023, 8:57:25 PM
[Reaction] Reacted message AAAAAA拉進垃圾車 at 2/25/2023, 8:57:32 PM
[Message] Sent message at 2/25/2023, 8:57:52 PM
[Reaction] Reacted message 現在是2/25/2023, 9:12:38 PM at 2/25/2023, 8:58:25 PM
[Reaction] Reacted message 花瓶代表，好看就好 at 2/25/2023, 8:58:30 PM
[Reaction] Reacted message AAAAAA拉進垃圾車 at 2/25/2023, 8:58:38 PM
[Message] Sent message at 2/25/2023, 8:58:53 PM
[Reaction] Reacted message 現在是2/25/2023, 9:13:39 PM at 2/25/2023, 8:59:30 PM
[Reaction] Reacted message 花瓶代表，好看就好 at 2/25/2023, 8:59:36 PM
[Reaction] Reacted message AAAAAA拉進垃圾車 at 2/25/2023, 8:59:44 PM
[Message] Sent message at 2/25/2023, 8:59:54 PM
[Reaction] Reacted message 現在是2/25/2023, 9:14:39 PM at 2/25/2023, 9:00:36 PM
[Reaction] Reacted message 花瓶代表，好看就好 at 2/25/2023, 9:00:41 PM
[Reaction] Reacted message AAAAAA拉進垃圾車 at 2/25/2023, 9:00:49 PM
[Message] Sent message at 2/25/2023, 9:00:55 PM
[Reaction] Reacted message 現在是2/25/2023, 9:15:40 PM at 2/25/2023, 9:01:41 PM
[Reaction] Reacted message 花瓶代表，好看就好 at 2/25/2023, 9:01:47 PM
[Reaction] Reacted message AAAAAA拉進垃圾車 at 2/25/2023, 9:01:54 PM
[Message] Sent message at 2/25/2023, 9:01:56 PM
